  [4;36;1mSQL (0.2ms)[0m   [0;1mSET client_min_messages TO 'panic'[0m
  [4;35;1mSQL (0.1ms)[0m   [0mSET client_min_messages TO 'notice'[0m
  [4;36;1mSQL (6.3ms)[0m   [0;1mCREATE TABLE "schema_migrations" ("version" character varying(255) NOT NULL) [0m
  [4;35;1mSQL (73.1ms)[0m   [0mCREATE UNIQUE INDEX "unique_schema_migrations" ON "schema_migrations" ("version")[0m
  [4;36;1mSQL (0.5ms)[0m   [0;1mSELECT version FROM schema_migrations[0m
Migrating to CreateUsers (1)
  [4;35;1mSQL (0.1ms)[0m   [0mBEGIN[0m
  [4;36;1mSQL (22.9ms)[0m   [0;1mCREATE TABLE "users" ("id" serial primary key, "login" character varying(255), "email" character varying(255), "crypted_password" character varying(40), "salt" character varying(40), "created_at" timestamp, "updated_at" timestamp, "remember_token" character varying(255), "remember_token_expires_at" timestamp) [0m
  [4;35;1mSQL (0.9ms)[0m   [0mINSERT INTO schema_migrations (version) VALUES ('1')[0m
  [4;36;1mSQL (1.3ms)[0m   [0;1mCOMMIT[0m
Migrating to CreateCountries (2)
  [4;35;1mSQL (0.6ms)[0m   [0mBEGIN[0m
  [4;36;1mSQL (7.5ms)[0m   [0;1mCREATE TABLE "countries" ("id" serial primary key, "created_at" timestamp, "updated_at" timestamp) [0m
  [4;35;1mSQL (0.2ms)[0m   [0mINSERT INTO schema_migrations (version) VALUES ('2')[0m
  [4;36;1mSQL (0.8ms)[0m   [0;1mCOMMIT[0m
Migrating to CreateCities (3)
  [4;35;1mSQL (0.3ms)[0m   [0mBEGIN[0m
  [4;36;1mSQL (6.1ms)[0m   [0;1mCREATE TABLE "cities" ("id" serial primary key, "created_at" timestamp, "updated_at" timestamp) [0m
  [4;35;1mSQL (0.2ms)[0m   [0mINSERT INTO schema_migrations (version) VALUES ('3')[0m
  [4;36;1mSQL (1.1ms)[0m   [0;1mCOMMIT[0m
Migrating to CreateHotels (4)
  [4;35;1mSQL (0.3ms)[0m   [0mBEGIN[0m
  [4;36;1mSQL (6.0ms)[0m   [0;1mCREATE TABLE "hotels" ("id" serial primary key, "created_at" timestamp, "updated_at" timestamp) [0m
  [4;35;1mSQL (0.2ms)[0m   [0mINSERT INTO schema_migrations (version) VALUES ('4')[0m
  [4;36;1mSQL (8.0ms)[0m   [0;1mCOMMIT[0m
Migrating to CreateFoodtypes (5)
  [4;35;1mSQL (0.3ms)[0m   [0mBEGIN[0m
  [4;36;1mSQL (6.1ms)[0m   [0;1mCREATE TABLE "foodtypes" ("id" serial primary key, "created_at" timestamp, "updated_at" timestamp) [0m
  [4;35;1mSQL (0.2ms)[0m   [0mINSERT INTO schema_migrations (version) VALUES ('5')[0m
  [4;36;1mSQL (0.9ms)[0m   [0;1mCOMMIT[0m
Migrating to CreateRoomtypes (6)
  [4;35;1mSQL (0.3ms)[0m   [0mBEGIN[0m
  [4;36;1mSQL (6.3ms)[0m   [0;1mCREATE TABLE "roomtypes" ("id" serial primary key, "created_at" timestamp, "updated_at" timestamp) [0m
  [4;35;1mSQL (0.2ms)[0m   [0mINSERT INTO schema_migrations (version) VALUES ('6')[0m
  [4;36;1mSQL (0.8ms)[0m   [0;1mCOMMIT[0m
Migrating to CreateTourists (7)
  [4;35;1mSQL (0.3ms)[0m   [0mBEGIN[0m
  [4;36;1mSQL (5.1ms)[0m   [0;1mCREATE TABLE "tourists" ("id" serial primary key, "created_at" timestamp, "updated_at" timestamp) [0m
  [4;35;1mSQL (0.2ms)[0m   [0mINSERT INTO schema_migrations (version) VALUES ('7')[0m
  [4;36;1mSQL (1.5ms)[0m   [0;1mCOMMIT[0m
Migrating to CreateTravels (8)
  [4;35;1mSQL (0.4ms)[0m   [0mBEGIN[0m
  [4;36;1mSQL (5.7ms)[0m   [0;1mCREATE TABLE "travels" ("id" serial primary key, "created_at" timestamp, "updated_at" timestamp) [0m
  [4;35;1mSQL (0.2ms)[0m   [0mINSERT INTO schema_migrations (version) VALUES ('8')[0m
  [4;36;1mSQL (0.8ms)[0m   [0;1mCOMMIT[0m
Migrating to CreateTravelpoints (9)
  [4;35;1mSQL (0.3ms)[0m   [0mBEGIN[0m
  [4;36;1mSQL (6.7ms)[0m   [0;1mCREATE TABLE "travelpoints" ("id" serial primary key, "city_id" integer, "country_id" integer NOT NULL, "hotel_id" integer NOT NULL, "roomtype_id" integer, "foodtype_id" integer, "date_start" date, "date_end" date, "created_at" timestamp, "updated_at" timestamp) [0m
  [4;35;1mSQL (0.2ms)[0m   [0mINSERT INTO schema_migrations (version) VALUES ('9')[0m
  [4;36;1mSQL (1.1ms)[0m   [0;1mCOMMIT[0m
  [4;35;1mSQL (0.2ms)[0m   [0mSELECT version FROM schema_migrations[0m
  [4;36;1mSQL (0.1ms)[0m   [0;1mSET client_min_messages TO 'panic'[0m
  [4;35;1mSQL (0.1ms)[0m   [0mSET client_min_messages TO 'notice'[0m
  [4;36;1mSQL (0.3ms)[0m   [0;1mSELECT version FROM schema_migrations[0m
  [4;35;1mSQL (0.1ms)[0m   [0mSET client_min_messages TO 'panic'[0m
  [4;36;1mSQL (0.1ms)[0m   [0;1mSET client_min_messages TO 'notice'[0m
  [4;35;1mSQL (29.9ms)[0m   [0mSET search_path TO public[0m
  [4;36;1mSQL (119.0ms)[0m   [0;1mDROP DATABASE IF EXISTS "tyroper"[0m
  [4;35;1mSQL (0.3ms)[0m   [0mSET client_min_messages TO 'panic'[0m
  [4;36;1mSQL (0.1ms)[0m   [0;1mSET client_min_messages TO 'notice'[0m
  [4;35;1mSQL (0.3ms)[0m   [0mSET search_path TO public[0m
  [4;36;1mSQL (1046.5ms)[0m   [0;1mCREATE DATABASE "tyroper" ENCODING = 'utf8'[0m
  [4;35;1mSQL (0.1ms)[0m   [0mSET client_min_messages TO 'panic'[0m
  [4;36;1mSQL (0.1ms)[0m   [0;1mSET client_min_messages TO 'notice'[0m
  [4;35;1mSQL (20.3ms)[0m   [0mCREATE TABLE "cities" ("id" serial primary key, "created_at" timestamp, "updated_at" timestamp) [0m
  [4;36;1mSQL (9.2ms)[0m   [0;1mCREATE TABLE "countries" ("id" serial primary key, "created_at" timestamp, "updated_at" timestamp) [0m
  [4;35;1mSQL (15.6ms)[0m   [0mCREATE TABLE "foodtypes" ("id" serial primary key, "created_at" timestamp, "updated_at" timestamp) [0m
  [4;36;1mSQL (11.0ms)[0m   [0;1mCREATE TABLE "hotels" ("id" serial primary key, "created_at" timestamp, "updated_at" timestamp) [0m
  [4;35;1mSQL (10.9ms)[0m   [0mCREATE TABLE "roomtypes" ("id" serial primary key, "created_at" timestamp, "updated_at" timestamp) [0m
  [4;36;1mSQL (10.6ms)[0m   [0;1mCREATE TABLE "tourists" ("id" serial primary key, "created_at" timestamp, "updated_at" timestamp) [0m
  [4;35;1mSQL (17.0ms)[0m   [0mCREATE TABLE "travelpoints" ("id" serial primary key, "city_id" integer, "country_id" integer NOT NULL, "hotel_id" integer NOT NULL, "roomtype_id" integer, "foodtype_id" integer, "date_start" date, "date_end" date, "created_at" timestamp, "updated_at" timestamp) [0m
  [4;36;1mSQL (10.1ms)[0m   [0;1mCREATE TABLE "travels" ("id" serial primary key, "created_at" timestamp, "updated_at" timestamp) [0m
  [4;35;1mSQL (16.2ms)[0m   [0mCREATE TABLE "users" ("id" serial primary key, "login" character varying(255), "email" character varying(255), "crypted_password" character varying(40), "salt" character varying(40), "created_at" timestamp, "updated_at" timestamp, "remember_token" character varying(255), "remember_token_expires_at" timestamp) [0m
  [4;36;1mSQL (7.4ms)[0m   [0;1mCREATE TABLE "schema_migrations" ("version" character varying(255) NOT NULL) [0m
  [4;35;1mSQL (5.2ms)[0m   [0mCREATE UNIQUE INDEX "unique_schema_migrations" ON "schema_migrations" ("version")[0m
  [4;36;1mSQL (0.6ms)[0m   [0;1mSELECT version FROM "schema_migrations"[0m
  [4;35;1mSQL (8.8ms)[0m   [0mINSERT INTO "schema_migrations" (version) VALUES ('9')[0m
  [4;36;1mSQL (1.2ms)[0m   [0;1mINSERT INTO "schema_migrations" (version) VALUES ('2')[0m
  [4;35;1mSQL (0.7ms)[0m   [0mINSERT INTO "schema_migrations" (version) VALUES ('4')[0m
  [4;36;1mSQL (0.7ms)[0m   [0;1mINSERT INTO "schema_migrations" (version) VALUES ('6')[0m
  [4;35;1mSQL (0.8ms)[0m   [0mINSERT INTO "schema_migrations" (version) VALUES ('8')[0m
  [4;36;1mSQL (0.7ms)[0m   [0;1mINSERT INTO "schema_migrations" (version) VALUES ('5')[0m
  [4;35;1mSQL (0.7ms)[0m   [0mINSERT INTO "schema_migrations" (version) VALUES ('3')[0m
  [4;36;1mSQL (0.7ms)[0m   [0;1mINSERT INTO "schema_migrations" (version) VALUES ('1')[0m
  [4;35;1mSQL (0.7ms)[0m   [0mINSERT INTO "schema_migrations" (version) VALUES ('7')[0m
  [4;36;1mSQL (0.2ms)[0m   [0;1mSET client_min_messages TO 'panic'[0m
  [4;35;1mSQL (0.1ms)[0m   [0mSET client_min_messages TO 'notice'[0m
  [4;36;1mSQL (6.4ms)[0m   [0;1mCREATE TABLE "schema_migrations" ("version" character varying(255) NOT NULL) [0m
  [4;35;1mSQL (15.9ms)[0m   [0mCREATE UNIQUE INDEX "unique_schema_migrations" ON "schema_migrations" ("version")[0m
  [4;36;1mSQL (0.6ms)[0m   [0;1mSELECT version FROM schema_migrations[0m
Migrating to CreateUsers (1)
  [4;35;1mSQL (0.1ms)[0m   [0mBEGIN[0m
  [4;36;1mSQL (16.3ms)[0m   [0;1mCREATE TABLE "users" ("id" serial primary key, "login" character varying(255), "email" character varying(255), "crypted_password" character varying(40), "salt" character varying(40), "created_at" timestamp, "updated_at" timestamp, "remember_token" character varying(255), "remember_token_expires_at" timestamp) [0m
  [4;35;1mSQL (0.4ms)[0m   [0mINSERT INTO schema_migrations (version) VALUES ('1')[0m
  [4;36;1mSQL (10.5ms)[0m   [0;1mCOMMIT[0m
Migrating to CreateCountries (2)
  [4;35;1mSQL (0.5ms)[0m   [0mBEGIN[0m
  [4;36;1mSQL (24.9ms)[0m   [0;1mCREATE TABLE "countries" ("id" serial primary key, "created_at" timestamp, "updated_at" timestamp) [0m
  [4;35;1mSQL (0.4ms)[0m   [0mINSERT INTO schema_migrations (version) VALUES ('2')[0m
  [4;36;1mSQL (0.9ms)[0m   [0;1mCOMMIT[0m
Migrating to CreateCities (3)
  [4;35;1mSQL (0.6ms)[0m   [0mBEGIN[0m
  [4;36;1mSQL (8.8ms)[0m   [0;1mCREATE TABLE "cities" ("id" serial primary key, "created_at" timestamp, "updated_at" timestamp) [0m
  [4;35;1mSQL (0.1ms)[0m   [0mINSERT INTO schema_migrations (version) VALUES ('3')[0m
  [4;36;1mSQL (0.7ms)[0m   [0;1mCOMMIT[0m
Migrating to CreateHotels (4)
  [4;35;1mSQL (0.3ms)[0m   [0mBEGIN[0m
  [4;36;1mSQL (5.1ms)[0m   [0;1mCREATE TABLE "hotels" ("id" serial primary key, "created_at" timestamp, "updated_at" timestamp) [0m
  [4;35;1mSQL (0.1ms)[0m   [0mINSERT INTO schema_migrations (version) VALUES ('4')[0m
  [4;36;1mSQL (0.9ms)[0m   [0;1mCOMMIT[0m
Migrating to CreateFoodtypes (5)
  [4;35;1mSQL (0.3ms)[0m   [0mBEGIN[0m
  [4;36;1mSQL (6.7ms)[0m   [0;1mCREATE TABLE "foodtypes" ("id" serial primary key, "created_at" timestamp, "updated_at" timestamp) [0m
  [4;35;1mSQL (0.1ms)[0m   [0mINSERT INTO schema_migrations (version) VALUES ('5')[0m
  [4;36;1mSQL (0.8ms)[0m   [0;1mCOMMIT[0m
Migrating to CreateRoomtypes (6)
  [4;35;1mSQL (0.3ms)[0m   [0mBEGIN[0m
  [4;36;1mSQL (5.7ms)[0m   [0;1mCREATE TABLE "roomtypes" ("id" serial primary key, "created_at" timestamp, "updated_at" timestamp) [0m
  [4;35;1mSQL (0.2ms)[0m   [0mINSERT INTO schema_migrations (version) VALUES ('6')[0m
  [4;36;1mSQL (0.9ms)[0m   [0;1mCOMMIT[0m
Migrating to CreateTourists (7)
  [4;35;1mSQL (0.3ms)[0m   [0mBEGIN[0m
  [4;36;1mSQL (7.9ms)[0m   [0;1mCREATE TABLE "tourists" ("id" serial primary key, "created_at" timestamp, "updated_at" timestamp) [0m
  [4;35;1mSQL (0.2ms)[0m   [0mINSERT INTO schema_migrations (version) VALUES ('7')[0m
  [4;36;1mSQL (0.9ms)[0m   [0;1mCOMMIT[0m
Migrating to CreateTravels (8)
  [4;35;1mSQL (0.5ms)[0m   [0mBEGIN[0m
  [4;36;1mSQL (6.1ms)[0m   [0;1mCREATE TABLE "travels" ("id" serial primary key, "created_at" timestamp, "updated_at" timestamp) [0m
  [4;35;1mSQL (0.2ms)[0m   [0mINSERT INTO schema_migrations (version) VALUES ('8')[0m
  [4;36;1mSQL (0.9ms)[0m   [0;1mCOMMIT[0m
Migrating to CreateTravelpoints (9)
  [4;35;1mSQL (0.4ms)[0m   [0mBEGIN[0m
  [4;36;1mSQL (8.6ms)[0m   [0;1mCREATE TABLE "travelpoints" ("id" serial primary key, "city_id" integer, "country_id" integer NOT NULL, "hotel_id" integer NOT NULL, "roomtype_id" integer, "foodtype_id" integer, "date_start" date, "date_end" date, "created_at" timestamp, "updated_at" timestamp) [0m
  [4;35;1mSQL (0.2ms)[0m   [0mINSERT INTO schema_migrations (version) VALUES ('9')[0m
  [4;36;1mSQL (0.9ms)[0m   [0;1mCOMMIT[0m
  [4;35;1mSQL (0.3ms)[0m   [0mSELECT version FROM schema_migrations[0m
  [4;36;1mSQL (0.2ms)[0m   [0;1mSET client_min_messages TO 'panic'[0m
  [4;35;1mSQL (0.2ms)[0m   [0mSET client_min_messages TO 'notice'[0m
  [4;36;1mSQL (0.7ms)[0m   [0;1mSELECT version FROM schema_migrations[0m
  [4;35;1mSQL (0.1ms)[0m   [0mSET client_min_messages TO 'panic'[0m
  [4;36;1mSQL (0.1ms)[0m   [0;1mSET client_min_messages TO 'notice'[0m
  [4;35;1mSQL (0.2ms)[0m   [0mSET search_path TO public[0m
  [4;36;1mSQL (114.1ms)[0m   [0;1mDROP DATABASE IF EXISTS "tyroper"[0m
  [4;35;1mSQL (0.2ms)[0m   [0mSET client_min_messages TO 'panic'[0m
  [4;36;1mSQL (0.2ms)[0m   [0;1mSET client_min_messages TO 'notice'[0m
  [4;35;1mSQL (0.3ms)[0m   [0mSET search_path TO public[0m
  [4;36;1mSQL (1048.3ms)[0m   [0;1mCREATE DATABASE "tyroper" ENCODING = 'utf8'[0m
  [4;35;1mSQL (0.1ms)[0m   [0mSET client_min_messages TO 'panic'[0m
  [4;36;1mSQL (0.1ms)[0m   [0;1mSET client_min_messages TO 'notice'[0m
  [4;35;1mSQL (23.4ms)[0m   [0mCREATE TABLE "cities" ("id" serial primary key, "created_at" timestamp, "updated_at" timestamp) [0m
  [4;36;1mSQL (6.1ms)[0m   [0;1mCREATE TABLE "countries" ("id" serial primary key, "created_at" timestamp, "updated_at" timestamp) [0m
  [4;35;1mSQL (29.2ms)[0m   [0mCREATE TABLE "foodtypes" ("id" serial primary key, "created_at" timestamp, "updated_at" timestamp) [0m
  [4;36;1mSQL (10.3ms)[0m   [0;1mCREATE TABLE "hotels" ("id" serial primary key, "created_at" timestamp, "updated_at" timestamp) [0m
  [4;35;1mSQL (10.3ms)[0m   [0mCREATE TABLE "roomtypes" ("id" serial primary key, "created_at" timestamp, "updated_at" timestamp) [0m
  [4;36;1mSQL (10.6ms)[0m   [0;1mCREATE TABLE "tourists" ("id" serial primary key, "created_at" timestamp, "updated_at" timestamp) [0m
  [4;35;1mSQL (16.7ms)[0m   [0mCREATE TABLE "travelpoints" ("id" serial primary key, "city_id" integer, "country_id" integer NOT NULL, "hotel_id" integer NOT NULL, "roomtype_id" integer, "foodtype_id" integer, "date_start" date, "date_end" date, "created_at" timestamp, "updated_at" timestamp) [0m
  [4;36;1mSQL (9.9ms)[0m   [0;1mCREATE TABLE "travels" ("id" serial primary key, "created_at" timestamp, "updated_at" timestamp) [0m
  [4;35;1mSQL (16.9ms)[0m   [0mCREATE TABLE "users" ("id" serial primary key, "login" character varying(255), "email" character varying(255), "crypted_password" character varying(40), "salt" character varying(40), "created_at" timestamp, "updated_at" timestamp, "remember_token" character varying(255), "remember_token_expires_at" timestamp) [0m
  [4;36;1mSQL (18.8ms)[0m   [0;1mCREATE TABLE "schema_migrations" ("version" character varying(255) NOT NULL) [0m
  [4;35;1mSQL (10.5ms)[0m   [0mCREATE UNIQUE INDEX "unique_schema_migrations" ON "schema_migrations" ("version")[0m
  [4;36;1mSQL (0.7ms)[0m   [0;1mSELECT version FROM "schema_migrations"[0m
  [4;35;1mSQL (5.7ms)[0m   [0mINSERT INTO "schema_migrations" (version) VALUES ('9')[0m
  [4;36;1mSQL (1.0ms)[0m   [0;1mINSERT INTO "schema_migrations" (version) VALUES ('2')[0m
  [4;35;1mSQL (0.7ms)[0m   [0mINSERT INTO "schema_migrations" (version) VALUES ('4')[0m
  [4;36;1mSQL (0.7ms)[0m   [0;1mINSERT INTO "schema_migrations" (version) VALUES ('6')[0m
  [4;35;1mSQL (0.7ms)[0m   [0mINSERT INTO "schema_migrations" (version) VALUES ('8')[0m
  [4;36;1mSQL (0.7ms)[0m   [0;1mINSERT INTO "schema_migrations" (version) VALUES ('5')[0m
  [4;35;1mSQL (0.7ms)[0m   [0mINSERT INTO "schema_migrations" (version) VALUES ('3')[0m
  [4;36;1mSQL (0.7ms)[0m   [0;1mINSERT INTO "schema_migrations" (version) VALUES ('1')[0m
  [4;35;1mSQL (0.7ms)[0m   [0mINSERT INTO "schema_migrations" (version) VALUES ('7')[0m
  [4;36;1mSQL (0.7ms)[0m   [0;1mSET client_min_messages TO 'panic'[0m
  [4;35;1mSQL (0.1ms)[0m   [0mSET client_min_messages TO 'notice'[0m
  [4;36;1mSQL (0.3ms)[0m   [0;1mSELECT version FROM schema_migrations[0m
Migrating to CreateUsers (1)
Migrating to CreateCountries (2)
Migrating to CreateCities (3)
Migrating to CreateHotels (4)
Migrating to CreateFoodtypes (5)
Migrating to CreateRoomtypes (6)
Migrating to CreateTourists (7)
Migrating to CreateTravels (8)
Migrating to CreateTravelpoints (9)
  [4;35;1mSQL (0.3ms)[0m   [0mSELECT version FROM schema_migrations[0m
  [4;36;1mSQL (0.2ms)[0m   [0;1mSET client_min_messages TO 'panic'[0m
  [4;35;1mSQL (0.1ms)[0m   [0mSET client_min_messages TO 'notice'[0m
  [4;36;1mSQL (3.2ms)[0m   [0;1mCREATE TABLE "schema_migrations" ("version" character varying(255) NOT NULL) [0m
  [4;35;1mSQL (6.9ms)[0m   [0mCREATE UNIQUE INDEX "unique_schema_migrations" ON "schema_migrations" ("version")[0m
  [4;36;1mSQL (0.3ms)[0m   [0;1mSELECT version FROM schema_migrations[0m
Migrating to CreateUsers (1)
  [4;35;1mSQL (0.0ms)[0m   [0mBEGIN[0m
  [4;36;1mSQL (56.4ms)[0m   [0;1mCREATE TABLE "users" ("id" serial primary key, "login" character varying(255), "email" character varying(255), "crypted_password" character varying(40), "salt" character varying(40), "created_at" timestamp, "updated_at" timestamp, "remember_token" character varying(255), "remember_token_expires_at" timestamp) [0m
  [4;35;1mSQL (1.0ms)[0m   [0mINSERT INTO schema_migrations (version) VALUES ('1')[0m
  [4;36;1mSQL (1.6ms)[0m   [0;1mCOMMIT[0m
Migrating to CreateCountries (2)
  [4;35;1mSQL (0.4ms)[0m   [0mBEGIN[0m
  [4;36;1mSQL (8.0ms)[0m   [0;1mCREATE TABLE "countries" ("id" serial primary key, "created_at" timestamp, "updated_at" timestamp) [0m
  [4;35;1mSQL (0.4ms)[0m   [0mINSERT INTO schema_migrations (version) VALUES ('2')[0m
  [4;36;1mSQL (1.1ms)[0m   [0;1mCOMMIT[0m
Migrating to CreateCities (3)
  [4;35;1mSQL (0.6ms)[0m   [0mBEGIN[0m
  [4;36;1mSQL (9.1ms)[0m   [0;1mCREATE TABLE "cities" ("id" serial primary key, "created_at" timestamp, "updated_at" timestamp) [0m
  [4;35;1mSQL (0.1ms)[0m   [0mINSERT INTO schema_migrations (version) VALUES ('3')[0m
  [4;36;1mSQL (0.5ms)[0m   [0;1mCOMMIT[0m
Migrating to CreateHotels (4)
  [4;35;1mSQL (0.3ms)[0m   [0mBEGIN[0m
  [4;36;1mSQL (5.3ms)[0m   [0;1mCREATE TABLE "hotels" ("id" serial primary key, "created_at" timestamp, "updated_at" timestamp) [0m
  [4;35;1mSQL (0.1ms)[0m   [0mINSERT INTO schema_migrations (version) VALUES ('4')[0m
  [4;36;1mSQL (0.8ms)[0m   [0;1mCOMMIT[0m
Migrating to CreateFoodtypes (5)
  [4;35;1mSQL (0.3ms)[0m   [0mBEGIN[0m
  [4;36;1mSQL (6.1ms)[0m   [0;1mCREATE TABLE "foodtypes" ("id" serial primary key, "created_at" timestamp, "updated_at" timestamp) [0m
  [4;35;1mSQL (0.1ms)[0m   [0mINSERT INTO schema_migrations (version) VALUES ('5')[0m
  [4;36;1mSQL (1.0ms)[0m   [0;1mCOMMIT[0m
Migrating to CreateRoomtypes (6)
  [4;35;1mSQL (0.3ms)[0m   [0mBEGIN[0m
  [4;36;1mSQL (5.7ms)[0m   [0;1mCREATE TABLE "roomtypes" ("id" serial primary key, "created_at" timestamp, "updated_at" timestamp) [0m
  [4;35;1mSQL (0.1ms)[0m   [0mINSERT INTO schema_migrations (version) VALUES ('6')[0m
  [4;36;1mSQL (0.8ms)[0m   [0;1mCOMMIT[0m
Migrating to CreateTourists (7)
  [4;35;1mSQL (0.3ms)[0m   [0mBEGIN[0m
  [4;36;1mSQL (4.8ms)[0m   [0;1mCREATE TABLE "tourists" ("id" serial primary key, "created_at" timestamp, "updated_at" timestamp) [0m
  [4;35;1mSQL (0.1ms)[0m   [0mINSERT INTO schema_migrations (version) VALUES ('7')[0m
  [4;36;1mSQL (0.8ms)[0m   [0;1mCOMMIT[0m
Migrating to CreateTravels (8)
  [4;35;1mSQL (0.3ms)[0m   [0mBEGIN[0m
  [4;36;1mSQL (5.0ms)[0m   [0;1mCREATE TABLE "travels" ("id" serial primary key, "created_at" timestamp, "updated_at" timestamp) [0m
  [4;35;1mSQL (0.2ms)[0m   [0mINSERT INTO schema_migrations (version) VALUES ('8')[0m
  [4;36;1mSQL (0.8ms)[0m   [0;1mCOMMIT[0m
Migrating to CreateTravelpoints (9)
  [4;35;1mSQL (0.3ms)[0m   [0mBEGIN[0m
  [4;36;1mSQL (6.4ms)[0m   [0;1mCREATE TABLE "travelpoints" ("id" serial primary key, "city_id" integer, "country_id" integer NOT NULL, "hotel_id" integer NOT NULL, "roomtype_id" integer, "foodtype_id" integer, "date_start" date, "date_end" date, "created_at" timestamp, "updated_at" timestamp) [0m
  [4;35;1mSQL (0.1ms)[0m   [0mINSERT INTO schema_migrations (version) VALUES ('9')[0m
  [4;36;1mSQL (1.3ms)[0m   [0;1mCOMMIT[0m
  [4;35;1mSQL (0.1ms)[0m   [0mSELECT version FROM schema_migrations[0m
  [4;36;1mSQL (0.2ms)[0m   [0;1mSET client_min_messages TO 'panic'[0m
  [4;35;1mSQL (0.4ms)[0m   [0mSET client_min_messages TO 'notice'[0m
  [4;36;1mSQL (0.7ms)[0m   [0;1mSELECT version FROM schema_migrations[0m
  [4;35;1mSQL (0.3ms)[0m   [0mSELECT version FROM schema_migrations[0m
Migrating to CreateTravelpoints (9)
  [4;36;1mSQL (0.1ms)[0m   [0;1mBEGIN[0m
  [4;35;1mSQL (41.5ms)[0m   [0mDROP TABLE "travelpoints"[0m
  [4;36;1mSQL (2.2ms)[0m   [0;1mDELETE FROM schema_migrations WHERE version = '9'[0m
  [4;35;1mSQL (1.8ms)[0m   [0mCOMMIT[0m
Migrating to CreateTravels (8)
  [4;36;1mSQL (0.2ms)[0m   [0;1mBEGIN[0m
  [4;35;1mSQL (2.9ms)[0m   [0mDROP TABLE "travels"[0m
  [4;36;1mSQL (0.4ms)[0m   [0;1mDELETE FROM schema_migrations WHERE version = '8'[0m
  [4;35;1mSQL (16.2ms)[0m   [0mCOMMIT[0m
Migrating to CreateTourists (7)
  [4;36;1mSQL (0.3ms)[0m   [0;1mBEGIN[0m
  [4;35;1mSQL (1.2ms)[0m   [0mDROP TABLE "tourists"[0m
  [4;36;1mSQL (0.3ms)[0m   [0;1mDELETE FROM schema_migrations WHERE version = '7'[0m
  [4;35;1mSQL (29.8ms)[0m   [0mCOMMIT[0m
Migrating to CreateRoomtypes (6)
  [4;36;1mSQL (0.2ms)[0m   [0;1mBEGIN[0m
  [4;35;1mSQL (1.9ms)[0m   [0mDROP TABLE "roomtypes"[0m
  [4;36;1mSQL (0.3ms)[0m   [0;1mDELETE FROM schema_migrations WHERE version = '6'[0m
  [4;35;1mSQL (1.8ms)[0m   [0mCOMMIT[0m
Migrating to CreateFoodtypes (5)
  [4;36;1mSQL (0.1ms)[0m   [0;1mBEGIN[0m
  [4;35;1mSQL (2.0ms)[0m   [0mDROP TABLE "foodtypes"[0m
  [4;36;1mSQL (0.3ms)[0m   [0;1mDELETE FROM schema_migrations WHERE version = '5'[0m
  [4;35;1mSQL (2.2ms)[0m   [0mCOMMIT[0m
Migrating to CreateHotels (4)
  [4;36;1mSQL (0.1ms)[0m   [0;1mBEGIN[0m
  [4;35;1mSQL (1.9ms)[0m   [0mDROP TABLE "hotels"[0m
  [4;36;1mSQL (0.3ms)[0m   [0;1mDELETE FROM schema_migrations WHERE version = '4'[0m
  [4;35;1mSQL (2.5ms)[0m   [0mCOMMIT[0m
Migrating to CreateCities (3)
  [4;36;1mSQL (0.1ms)[0m   [0;1mBEGIN[0m
  [4;35;1mSQL (2.0ms)[0m   [0mDROP TABLE "cities"[0m
  [4;36;1mSQL (0.3ms)[0m   [0;1mDELETE FROM schema_migrations WHERE version = '3'[0m
  [4;35;1mSQL (2.3ms)[0m   [0mCOMMIT[0m
Migrating to CreateCountries (2)
  [4;36;1mSQL (0.1ms)[0m   [0;1mBEGIN[0m
  [4;35;1mSQL (2.0ms)[0m   [0mDROP TABLE "countries"[0m
  [4;36;1mSQL (0.3ms)[0m   [0;1mDELETE FROM schema_migrations WHERE version = '2'[0m
  [4;35;1mSQL (2.4ms)[0m   [0mCOMMIT[0m
Migrating to CreateUsers (1)
  [4;36;1mSQL (0.2ms)[0m   [0;1mBEGIN[0m
  [4;35;1mSQL (2.8ms)[0m   [0mDROP TABLE "users"[0m
  [4;36;1mSQL (0.4ms)[0m   [0;1mDELETE FROM schema_migrations WHERE version = '1'[0m
  [4;35;1mSQL (1.6ms)[0m   [0mCOMMIT[0m
  [4;36;1mSQL (0.2ms)[0m   [0;1mSELECT version FROM schema_migrations[0m
